<?xml version="1.0" encoding="UTF-8"?>
<!-- Generated by org.testng.reporters.JUnitReportReporter -->
<testsuite hostname="01HW1825492" failures="0" tests="3" name="TestNgpackage.Orderofexecution_101" time="0.010" errors="0" timestamp="2025-01-17T16:16:45 IST" skipped="0">
  <testcase classname="TestNgpackage.Orderofexecution_101" name="Car" time="0.001"/>
  <testcase classname="TestNgpackage.Orderofexecution_101" name="Bike" time="0.008"/>
  <testcase classname="TestNgpackage.Orderofexecution_101" name="Lorry" time="0.001"/>
</testsuite> <!-- TestNgpackage.Orderofexecution_101 -->
