<?xml version="1.0" encoding="UTF-8"?>
<!-- Generated by org.testng.reporters.JUnitReportReporter -->
<testsuite hostname="01HW1825492" failures="0" tests="1" name="TestNgpackage.Amazon_newcustomer" time="8.913" errors="0" timestamp="2025-01-10T13:49:59 IST" skipped="0">
  <testcase classname="TestNgpackage.Amazon_newcustomer" name="testcase" time="8.913"/>
</testsuite> <!-- TestNgpackage.Amazon_newcustomer -->
