<?xml version="1.0" encoding="UTF-8"?>
<!-- Generated by org.testng.reporters.JUnitReportReporter -->
<testsuite hostname="01HW1825492" failures="0" tests="2" name="TestNgpackage.Parallel_testing" time="37.895" errors="0" timestamp="2025-01-09T22:02:27 IST" skipped="0">
  <testcase classname="TestNgpackage.Parallel_testing" name="amazon_login" time="18.621"/>
  <testcase classname="TestNgpackage.Parallel_testing" name="amazon_login" time="19.274"/>
</testsuite> <!-- TestNgpackage.Parallel_testing -->
