<?xml version="1.0" encoding="UTF-8"?>
<!-- Generated by org.testng.reporters.JUnitReportReporter -->
<testsuite hostname="01HW1825492" failures="0" tests="1" name="TestNgpackage.Amazon_login_logout_assert" time="18.539" errors="0" timestamp="2025-01-18T09:15:06 IST" skipped="0">
  <testcase classname="TestNgpackage.Amazon_login_logout_assert" name="testcase" time="18.539"/>
</testsuite> <!-- TestNgpackage.Amazon_login_logout_assert -->
