<?xml version="1.0" encoding="UTF-8"?>
<!-- Generated by org.testng.reporters.JUnitReportReporter -->
<testsuite hostname="01HW1825492" failures="0" tests="5" name="TestNgpackage.program3" time="111.652" errors="0" timestamp="2025-01-08T08:16:55 IST" skipped="0">
  <testcase classname="TestNgpackage.program3" name="testcase1" time="24.894"/>
  <testcase classname="TestNgpackage.program3" name="testcase1" time="19.700"/>
  <testcase classname="TestNgpackage.program3" name="testcase1" time="21.210"/>
  <testcase classname="TestNgpackage.program3" name="testcase1" time="23.541"/>
  <testcase classname="TestNgpackage.program3" name="testcase1" time="22.307"/>
</testsuite> <!-- TestNgpackage.program3 -->
