<?xml version="1.0" encoding="UTF-8"?>
<!-- Generated by org.testng.reporters.JUnitReportReporter -->
<testsuite hostname="01HW1825492" failures="0" tests="1" name="basicprogram.Amazon_login_87" time="11.392" errors="0" timestamp="2025-01-07T08:32:25 IST" skipped="0">
  <testcase classname="basicprogram.Amazon_login_87" name="testcase" time="11.392"/>
</testsuite> <!-- basicprogram.Amazon_login_87 -->
