<?xml version="1.0" encoding="UTF-8"?>
<!-- Generated by org.testng.reporters.JUnitReportReporter -->
<testsuite hostname="01HW1825492" failures="0" tests="10" name="TestNgpackage.Datadriven_parallel" time="155.440" errors="0" timestamp="2025-01-10T08:39:52 IST" skipped="0">
  <testcase classname="TestNgpackage.Datadriven_parallel" name="testcase1" time="19.429"/>
  <testcase classname="TestNgpackage.Datadriven_parallel" name="testcase1" time="10.456"/>
  <testcase classname="TestNgpackage.Datadriven_parallel" name="testcase1" time="12.829"/>
  <testcase classname="TestNgpackage.Datadriven_parallel" name="testcase1" time="14.795"/>
  <testcase classname="TestNgpackage.Datadriven_parallel" name="testcase1" time="17.175"/>
  <testcase classname="TestNgpackage.Datadriven_parallel" name="testcase1" time="12.287"/>
  <testcase classname="TestNgpackage.Datadriven_parallel" name="testcase1" time="16.130"/>
  <testcase classname="TestNgpackage.Datadriven_parallel" name="testcase1" time="16.610"/>
  <testcase classname="TestNgpackage.Datadriven_parallel" name="testcase1" time="16.029"/>
  <testcase classname="TestNgpackage.Datadriven_parallel" name="testcase1" time="19.700"/>
</testsuite> <!-- TestNgpackage.Datadriven_parallel -->
