<?xml version="1.0" encoding="UTF-8"?>
<!-- Generated by org.testng.reporters.JUnitReportReporter -->
<testsuite hostname="01HW1825492" failures="0" tests="3" name="TestNgpackage.Program1" time="0.013" errors="0" timestamp="2025-01-03T12:18:24 IST" skipped="0">
  <testcase classname="TestNgpackage.Program1" name="harini" time="0.010"/>
  <testcase classname="TestNgpackage.Program1" name="registration" time="0.002"/>
  <testcase classname="TestNgpackage.Program1" name="login" time="0.001"/>
</testsuite> <!-- TestNgpackage.Program1 -->
