<?xml version="1.0" encoding="UTF-8"?>
<!-- Generated by org.testng.reporters.JUnitReportReporter -->
<testsuite hostname="01HW1825492" failures="0" tests="2" name="TestNgpackage.CrossBrowser" time="11.600" errors="0" timestamp="2025-01-09T21:00:08 IST" skipped="0">
  <testcase classname="TestNgpackage.CrossBrowser" name="crossbrowsertesting" time="4.555"/>
  <testcase classname="TestNgpackage.CrossBrowser" name="crossbrowsertesting" time="7.045"/>
</testsuite> <!-- TestNgpackage.CrossBrowser -->
