<?xml version="1.0" encoding="UTF-8"?>
<!-- Generated by org.testng.reporters.JUnitReportReporter -->
<testsuite hostname="01HW1825492" failures="0" tests="1" name="TestNgpackage.Login_amazon" time="12.628" errors="0" timestamp="2025-01-09T12:35:12 IST" skipped="0">
  <testcase classname="TestNgpackage.Login_amazon" name="amazon_login" time="12.628"/>
</testsuite> <!-- TestNgpackage.Login_amazon -->
